<!DOCTYPE html PUBLIC "-//W3C//DTD XHTML 1.1//EN" "http://www.w3.org/TR/xhtml11/DTD/xhtml11.dtd">
<html xmlns="http://www.w3.org/1999/xhtml">
<head>
<meta http-equiv="content-type" content="text/html; charset=UTF-8"/>
<title>TestNG Report</title>
<style type="text/css">table {margin-bottom:10px;border-collapse:collapse;empty-cells:show}th,td {border:1px solid #009;padding:.25em .5em}th {vertical-align:bottom}td {vertical-align:top}table a {font-weight:bold}.stripe td {background-color: #E6EBF9}.num {text-align:right}.passedodd td {background-color: #3F3}.passedeven td {background-color: #0A0}.skippedodd td {background-color: #DDD}.skippedeven td {background-color: #CCC}.failedodd td,.attn {background-color: #F33}.failedeven td,.stripe .attn {background-color: #D00}.stacktrace {white-space:pre;font-family:monospace}.totop {font-size:85%;text-align:center;border-bottom:2px solid #000}.invisible {display:none}</style>
</head>
<body>
<table>
<tr><th>Test</th><th># Passed</th><th># Skipped</th><th># Retried</th><th># Failed</th><th>Time (ms)</th><th>Included Groups</th><th>Excluded Groups</th></tr>
<tr><th colspan="8">Command line suite</th></tr>
<tr><td><a href="#t0">Command line test</a></td><td class="num">7</td><td class="num">0</td><td class="num">0</td><td class="num attn">2</td><td class="num">71,050</td><td></td><td></td></tr>
</table>
<table id='summary'><thead><tr><th>Class</th><th>Method</th><th>Start</th><th>Time (ms)</th></tr></thead><tbody><tr><th colspan="4">Command line suite</th></tr></tbody><tbody id="t0"><tr><th colspan="4">Command line test &#8212; failed</th></tr><tr class="failedeven"><td rowspan="1">automationFrameworkTests.seleniumJava.GoogleTest</td><td><a href="#m0">GoogleTestCase</a></td><td rowspan="1">1593183649517</td><td rowspan="1">19458</td></tr><tr class="failedodd"><td rowspan="1">automationFrameworkTests.seleniumJava.TestReportTest</td><td><a href="#m1">openBrowser</a></td><td rowspan="1">1593183683947</td><td rowspan="1">13</td></tr><tr><th colspan="4">Command line test &#8212; passed</th></tr><tr class="passedeven"><td rowspan="1">automationFrameworkTests.seleniumJava.CatFactTest</td><td><a href="#m2">catFact</a></td><td rowspan="1">1593183640472</td><td rowspan="1">6359</td></tr><tr class="passedodd"><td rowspan="1">automationFrameworkTests.seleniumJava.DDTTest</td><td><a href="#m3">dataTestCase</a></td><td rowspan="1">1593183646840</td><td rowspan="1">2672</td></tr><tr class="passedeven"><td rowspan="1">automationFrameworkTests.seleniumJava.HeroKuappTest</td><td><a href="#m4">GoogleTestCase</a></td><td rowspan="1">1593183669022</td><td rowspan="1">6345</td></tr><tr class="passedodd"><td rowspan="2">automationFrameworkTests.seleniumJava.SeleniumTest</td><td><a href="#m5">browserAutomation</a></td><td rowspan="1">1593183675368</td><td rowspan="1">0</td></tr><tr class="passedodd"><td><a href="#m6">elementsUI</a></td><td rowspan="1">1593183675368</td><td rowspan="1">1</td></tr><tr class="passedeven"><td rowspan="1">automationFrameworkTests.seleniumJava.TempTest</td><td><a href="#m7">basePageNavigation</a></td><td rowspan="1">1593183675369</td><td rowspan="1">8577</td></tr><tr class="passedodd"><td rowspan="1">automationFrameworkTests.seleniumJava.UploadFunctionalityTest</td><td><a href="#m8">UploadTest</a></td><td rowspan="1">1593183683963</td><td rowspan="1">1914</td></tr></tbody>
</table>
<h2>Command line test</h2><h3 id="m0">automationFrameworkTests.seleniumJava.GoogleTest#GoogleTestCase</h3><table class="result"><tr><th>Exception</th></tr><tr><td><div class="stacktrace">org.openqa.selenium.NoSuchElementException: no such element: Unable to locate element: {&quot;method&quot;:&quot;xpath&quot;,&quot;selector&quot;:&quot;//*[@id=&quot;rso&quot;]/div[3]/div/div[1]/a/h3&quot;}
  (Session info: chrome=83.0.4103.116)
For documentation on this error, please visit: http://seleniumhq.org/exceptions/no_such_element.html
Build info: version: &apos;3.6.0&apos;, revision: &apos;6fbf3ec767&apos;, time: &apos;2017-09-27T15:28:36.4Z&apos;
System info: host: &apos;DESKTOP-99JJ921&apos;, ip: &apos;192.168.100.26&apos;, os.name: &apos;Windows 10&apos;, os.arch: &apos;amd64&apos;, os.version: &apos;10.0&apos;, java.version: &apos;11.0.5&apos;
Driver info: org.openqa.selenium.chrome.ChromeDriver
Capabilities [{networkConnectionEnabled=false, chrome={chromedriverVersion=83.0.4103.39 (ccbf011cb2d2b19b506d844400483861342c20cd-refs/branch-heads/4103@{#416}), userDataDir=C:\Users\DELL\AppData\Local\Temp\scoped_dir7368_1945048057}, timeouts={implicit=0, pageLoad=300000, script=30000}, pageLoadStrategy=normal, unhandledPromptBehavior=dismiss and notify, strictFileInteractability=false, platform=WINDOWS, proxy=Proxy(), goog:chromeOptions={debuggerAddress=localhost:49560}, acceptInsecureCerts=false, browserVersion=83.0.4103.116, browserName=chrome, javascriptEnabled=true, platformName=WINDOWS, setWindowRect=true, webauthn:virtualAuthenticators=true}]
Session ID: 31f72e608dd15b531be706bc3948b1b8
*** Element info: {Using=xpath, value=//*[@id=&quot;rso&quot;]/div[3]/div/div[1]/a/h3}
	at org.openqa.selenium.remote.http.W3CHttpResponseCodec.createException(W3CHttpResponseCodec.java:185)
	at org.openqa.selenium.remote.http.W3CHttpResponseCodec.decode(W3CHttpResponseCodec.java:120)
	at org.openqa.selenium.remote.http.W3CHttpResponseCodec.decode(W3CHttpResponseCodec.java:49)
	at org.openqa.selenium.remote.HttpCommandExecutor.execute(HttpCommandExecutor.java:164)
	at org.openqa.selenium.remote.service.DriverCommandExecutor.execute(DriverCommandExecutor.java:83)
	at org.openqa.selenium.remote.RemoteWebDriver.execute(RemoteWebDriver.java:586)
	at org.openqa.selenium.remote.RemoteWebDriver.findElement(RemoteWebDriver.java:356)
	at org.openqa.selenium.remote.RemoteWebDriver.findElementByXPath(RemoteWebDriver.java:458)
	at org.openqa.selenium.By$ByXPath.findElement(By.java:361)
	at org.openqa.selenium.remote.RemoteWebDriver.findElement(RemoteWebDriver.java:348)
	at pageObjects.GoogleSearchResults.Result(GoogleSearchResults.java:23)
	at automationFrameworkTests.seleniumJava.GoogleTest.GoogleTestCase(GoogleTest.java:48)
	at java.base/java.util.ArrayList.forEach(ArrayList.java:1540)
... Removed 41 stack frames</div></td></tr></table><p class="totop"><a href="#summary">back to summary</a></p>
<h3 id="m1">automationFrameworkTests.seleniumJava.TestReportTest#openBrowser</h3><table class="result"><tr><th>Exception</th></tr><tr><td><div class="stacktrace">java.lang.IllegalStateException: The driver executable does not exist: E:\Selenium CrossOver\chromedriver_win32\chromedriver.exe
	at com.google.common.base.Preconditions.checkState(Preconditions.java:534)
	at org.openqa.selenium.remote.service.DriverService.checkExecutable(DriverService.java:136)
	at org.openqa.selenium.remote.service.DriverService.findExecutable(DriverService.java:131)
	at org.openqa.selenium.chrome.ChromeDriverService.access$000(ChromeDriverService.java:32)
	at org.openqa.selenium.chrome.ChromeDriverService$Builder.findDefaultExecutable(ChromeDriverService.java:137)
	at org.openqa.selenium.remote.service.DriverService$Builder.build(DriverService.java:329)
	at org.openqa.selenium.chrome.ChromeDriverService.createDefaultService(ChromeDriverService.java:88)
	at org.openqa.selenium.chrome.ChromeDriver.&lt;init&gt;(ChromeDriver.java:123)
	at automationFrameworkTests.seleniumJava.TestReportTest.openBrowser(TestReportTest.java:41)
	at java.base/java.util.ArrayList.forEach(ArrayList.java:1540)
... Removed 37 stack frames</div></td></tr></table><p class="totop"><a href="#summary">back to summary</a></p>
<h3 id="m2">automationFrameworkTests.seleniumJava.CatFactTest#catFact</h3><table class="result"><tr><th class="invisible"/></tr></table><p class="totop"><a href="#summary">back to summary</a></p>
<h3 id="m3">automationFrameworkTests.seleniumJava.DDTTest#dataTestCase</h3><table class="result"><tr><th class="invisible"/></tr></table><p class="totop"><a href="#summary">back to summary</a></p>
<h3 id="m4">automationFrameworkTests.seleniumJava.HeroKuappTest#GoogleTestCase</h3><table class="result"><tr><th class="invisible"/></tr></table><p class="totop"><a href="#summary">back to summary</a></p>
<h3 id="m5">automationFrameworkTests.seleniumJava.SeleniumTest#browserAutomation</h3><table class="result"><tr><th class="invisible"/></tr></table><p class="totop"><a href="#summary">back to summary</a></p>
<h3 id="m6">automationFrameworkTests.seleniumJava.SeleniumTest#elementsUI</h3><table class="result"><tr><th class="invisible"/></tr></table><p class="totop"><a href="#summary">back to summary</a></p>
<h3 id="m7">automationFrameworkTests.seleniumJava.TempTest#basePageNavigation</h3><table class="result"><tr><th class="invisible"/></tr></table><p class="totop"><a href="#summary">back to summary</a></p>
<h3 id="m8">automationFrameworkTests.seleniumJava.UploadFunctionalityTest#UploadTest</h3><table class="result"><tr><th class="invisible"/></tr></table><p class="totop"><a href="#summary">back to summary</a></p>
</body>
</html>
