<?xml version="1.0" encoding="UTF-8"?>
<testng-results ignored="0" total="9" passed="7" failed="2" skipped="0">
  <reporter-output>
  </reporter-output>
  <suite started-at="2020-06-26T17:00:15 EET" name="Command line suite" finished-at="2020-06-26T17:01:26 EET" duration-ms="71050">
    <groups>
    </groups>
    <test started-at="2020-06-26T17:00:15 EET" name="Command line test" finished-at="2020-06-26T17:01:26 EET" duration-ms="71050">
      <class name="automationFrameworkTests.seleniumJava.CatFactTest">
        <test-method is-config="true" signature="init()[pri:0, instance:automationFrameworkTests.seleniumJava.CatFactTest@7fa98a66]" started-at="2020-06-26T17:00:15 EET" name="init" finished-at="2020-06-26T17:00:20 EET" duration-ms="4828" status="PASS">
          <reporter-output>
          </reporter-output>
        </test-method> <!-- init -->
        <test-method signature="catFact()[pri:0, instance:automationFrameworkTests.seleniumJava.CatFactTest@7fa98a66]" started-at="2020-06-26T17:00:40 EET" name="catFact" finished-at="2020-06-26T17:00:46 EET" duration-ms="6359" status="PASS">
          <reporter-output>
          </reporter-output>
        </test-method> <!-- catFact -->
        <test-method is-config="true" signature="tearDown()[pri:0, instance:automationFrameworkTests.seleniumJava.CatFactTest@7fa98a66]" started-at="2020-06-26T17:01:25 EET" name="tearDown" finished-at="2020-06-26T17:01:26 EET" duration-ms="127" status="PASS">
          <reporter-output>
          </reporter-output>
        </test-method> <!-- tearDown -->
      </class> <!-- automationFrameworkTests.seleniumJava.CatFactTest -->
      <class name="automationFrameworkTests.seleniumJava.SeleniumTest">
        <test-method signature="elementsUI()[pri:0, instance:automationFrameworkTests.seleniumJava.SeleniumTest@8dbdac1]" started-at="2020-06-26T17:01:15 EET" name="elementsUI" finished-at="2020-06-26T17:01:15 EET" duration-ms="1" status="PASS">
          <reporter-output>
          </reporter-output>
        </test-method> <!-- elementsUI -->
        <test-method signature="browserAutomation()[pri:0, instance:automationFrameworkTests.seleniumJava.SeleniumTest@8dbdac1]" started-at="2020-06-26T17:01:15 EET" name="browserAutomation" finished-at="2020-06-26T17:01:15 EET" duration-ms="0" status="PASS">
          <reporter-output>
          </reporter-output>
        </test-method> <!-- browserAutomation -->
      </class> <!-- automationFrameworkTests.seleniumJava.SeleniumTest -->
      <class name="automationFrameworkTests.seleniumJava.TempTest">
        <test-method signature="basePageNavigation()[pri:0, instance:automationFrameworkTests.seleniumJava.TempTest@6e20b53a]" started-at="2020-06-26T17:01:15 EET" name="basePageNavigation" finished-at="2020-06-26T17:01:23 EET" duration-ms="8577" status="PASS">
          <reporter-output>
          </reporter-output>
        </test-method> <!-- basePageNavigation -->
      </class> <!-- automationFrameworkTests.seleniumJava.TempTest -->
      <class name="automationFrameworkTests.seleniumJava.TestReportTest">
        <test-method is-config="true" signature="config()[pri:0, instance:automationFrameworkTests.seleniumJava.TestReportTest@6dc17b83]" started-at="2020-06-26T17:00:32 EET" name="config" finished-at="2020-06-26T17:00:32 EET" duration-ms="257" status="PASS">
          <reporter-output>
          </reporter-output>
        </test-method> <!-- config -->
        <test-method signature="openBrowser()[pri:0, instance:automationFrameworkTests.seleniumJava.TestReportTest@6dc17b83]" started-at="2020-06-26T17:01:23 EET" name="openBrowser" finished-at="2020-06-26T17:01:23 EET" duration-ms="13" status="FAIL">
          <exception class="java.lang.IllegalStateException">
            <message>
              <![CDATA[The driver executable does not exist: E:\Selenium CrossOver\chromedriver_win32\chromedriver.exe]]>
            </message>
            <full-stacktrace>
              <![CDATA[java.lang.IllegalStateException: The driver executable does not exist: E:\Selenium CrossOver\chromedriver_win32\chromedriver.exe
at com.google.common.base.Preconditions.checkState(Preconditions.java:534)
at org.openqa.selenium.remote.service.DriverService.checkExecutable(DriverService.java:136)
at org.openqa.selenium.remote.service.DriverService.findExecutable(DriverService.java:131)
at org.openqa.selenium.chrome.ChromeDriverService.access$000(ChromeDriverService.java:32)
at org.openqa.selenium.chrome.ChromeDriverService$Builder.findDefaultExecutable(ChromeDriverService.java:137)
at org.openqa.selenium.remote.service.DriverService$Builder.build(DriverService.java:329)
at org.openqa.selenium.chrome.ChromeDriverService.createDefaultService(ChromeDriverService.java:88)
at org.openqa.selenium.chrome.ChromeDriver.<init>(ChromeDriver.java:123)
at automationFrameworkTests.seleniumJava.TestReportTest.openBrowser(TestReportTest.java:41)
at java.base/jdk.internal.reflect.NativeMethodAccessorImpl.invoke0(Native Method)
at java.base/jdk.internal.reflect.NativeMethodAccessorImpl.invoke(NativeMethodAccessorImpl.java:62)
at java.base/jdk.internal.reflect.DelegatingMethodAccessorImpl.invoke(DelegatingMethodAccessorImpl.java:43)
at java.base/java.lang.reflect.Method.invoke(Method.java:566)
at org.testng.internal.MethodInvocationHelper.invokeMethod(MethodInvocationHelper.java:134)
at org.testng.internal.TestInvoker.invokeMethod(TestInvoker.java:597)
at org.testng.internal.TestInvoker.invokeTestMethod(TestInvoker.java:173)
at org.testng.internal.MethodRunner.runInSequence(MethodRunner.java:46)
at org.testng.internal.TestInvoker$MethodInvocationAgent.invoke(TestInvoker.java:816)
at org.testng.internal.TestInvoker.invokeTestMethods(TestInvoker.java:146)
at org.testng.internal.TestMethodWorker.invokeTestMethods(TestMethodWorker.java:146)
at org.testng.internal.TestMethodWorker.run(TestMethodWorker.java:128)
at java.base/java.util.ArrayList.forEach(ArrayList.java:1540)
at org.testng.TestRunner.privateRun(TestRunner.java:766)
at org.testng.TestRunner.run(TestRunner.java:587)
at org.testng.SuiteRunner.runTest(SuiteRunner.java:384)
at org.testng.SuiteRunner.runSequentially(SuiteRunner.java:378)
at org.testng.SuiteRunner.privateRun(SuiteRunner.java:337)
at org.testng.SuiteRunner.run(SuiteRunner.java:286)
at org.testng.SuiteRunnerWorker.runSuite(SuiteRunnerWorker.java:53)
at org.testng.SuiteRunnerWorker.run(SuiteRunnerWorker.java:96)
at org.testng.TestNG.runSuitesSequentially(TestNG.java:1187)
at org.testng.TestNG.runSuitesLocally(TestNG.java:1109)
at org.testng.TestNG.runSuites(TestNG.java:1039)
at org.testng.TestNG.run(TestNG.java:1007)
at org.apache.maven.surefire.testng.TestNGExecutor.run(TestNGExecutor.java:77)
at org.apache.maven.surefire.testng.TestNGDirectoryTestSuite.executeMulti(TestNGDirectoryTestSuite.java:159)
at org.apache.maven.surefire.testng.TestNGDirectoryTestSuite.execute(TestNGDirectoryTestSuite.java:99)
at org.apache.maven.surefire.testng.TestNGProvider.invoke(TestNGProvider.java:106)
at java.base/jdk.internal.reflect.NativeMethodAccessorImpl.invoke0(Native Method)
at java.base/jdk.internal.reflect.NativeMethodAccessorImpl.invoke(NativeMethodAccessorImpl.java:62)
at java.base/jdk.internal.reflect.DelegatingMethodAccessorImpl.invoke(DelegatingMethodAccessorImpl.java:43)
at java.base/java.lang.reflect.Method.invoke(Method.java:566)
at org.apache.maven.surefire.util.ReflectionUtils.invokeMethodWithArray(ReflectionUtils.java:189)
at org.apache.maven.surefire.booter.ProviderFactory$ProviderProxy.invoke(ProviderFactory.java:165)
at org.apache.maven.surefire.booter.ProviderFactory.invokeProvider(ProviderFactory.java:85)
at org.apache.maven.surefire.booter.ForkedBooter.runSuitesInProcess(ForkedBooter.java:115)
at org.apache.maven.surefire.booter.ForkedBooter.main(ForkedBooter.java:75)
]]>
            </full-stacktrace>
          </exception> <!-- java.lang.IllegalStateException -->
          <reporter-output>
          </reporter-output>
        </test-method> <!-- openBrowser -->
      </class> <!-- automationFrameworkTests.seleniumJava.TestReportTest -->
      <class name="automationFrameworkTests.seleniumJava.GoogleTest">
        <test-method is-config="true" signature="init()[pri:0, instance:automationFrameworkTests.seleniumJava.GoogleTest@15ff3e9e]" started-at="2020-06-26T17:00:20 EET" name="init" finished-at="2020-06-26T17:00:25 EET" duration-ms="5585" status="PASS">
          <reporter-output>
          </reporter-output>
        </test-method> <!-- init -->
        <test-method signature="GoogleTestCase()[pri:0, instance:automationFrameworkTests.seleniumJava.GoogleTest@15ff3e9e]" started-at="2020-06-26T17:00:49 EET" name="GoogleTestCase" finished-at="2020-06-26T17:01:08 EET" duration-ms="19458" status="FAIL">
          <exception class="org.openqa.selenium.NoSuchElementException">
            <message>
              <![CDATA[no such element: Unable to locate element: {"method":"xpath","selector":"//*[@id="rso"]/div[3]/div/div[1]/a/h3"}
  (Session info: chrome=83.0.4103.116)
For documentation on this error, please visit: http://seleniumhq.org/exceptions/no_such_element.html
Build info: version: '3.6.0', revision: '6fbf3ec767', time: '2017-09-27T15:28:36.4Z'
System info: host: 'DESKTOP-99JJ921', ip: '192.168.100.26', os.name: 'Windows 10', os.arch: 'amd64', os.version: '10.0', java.version: '11.0.5'
Driver info: org.openqa.selenium.chrome.ChromeDriver
Capabilities [{networkConnectionEnabled=false, chrome={chromedriverVersion=83.0.4103.39 (ccbf011cb2d2b19b506d844400483861342c20cd-refs/branch-heads/4103@{#416}), userDataDir=C:\Users\DELL\AppData\Local\Temp\scoped_dir7368_1945048057}, timeouts={implicit=0, pageLoad=300000, script=30000}, pageLoadStrategy=normal, unhandledPromptBehavior=dismiss and notify, strictFileInteractability=false, platform=WINDOWS, proxy=Proxy(), goog:chromeOptions={debuggerAddress=localhost:49560}, acceptInsecureCerts=false, browserVersion=83.0.4103.116, browserName=chrome, javascriptEnabled=true, platformName=WINDOWS, setWindowRect=true, webauthn:virtualAuthenticators=true}]
Session ID: 31f72e608dd15b531be706bc3948b1b8
*** Element info: {Using=xpath, value=//*[@id="rso"]/div[3]/div/div[1]/a/h3}]]>
            </message>
            <full-stacktrace>
              <![CDATA[org.openqa.selenium.NoSuchElementException: no such element: Unable to locate element: {"method":"xpath","selector":"//*[@id="rso"]/div[3]/div/div[1]/a/h3"}
  (Session info: chrome=83.0.4103.116)
For documentation on this error, please visit: http://seleniumhq.org/exceptions/no_such_element.html
Build info: version: '3.6.0', revision: '6fbf3ec767', time: '2017-09-27T15:28:36.4Z'
System info: host: 'DESKTOP-99JJ921', ip: '192.168.100.26', os.name: 'Windows 10', os.arch: 'amd64', os.version: '10.0', java.version: '11.0.5'
Driver info: org.openqa.selenium.chrome.ChromeDriver
Capabilities [{networkConnectionEnabled=false, chrome={chromedriverVersion=83.0.4103.39 (ccbf011cb2d2b19b506d844400483861342c20cd-refs/branch-heads/4103@{#416}), userDataDir=C:\Users\DELL\AppData\Local\Temp\scoped_dir7368_1945048057}, timeouts={implicit=0, pageLoad=300000, script=30000}, pageLoadStrategy=normal, unhandledPromptBehavior=dismiss and notify, strictFileInteractability=false, platform=WINDOWS, proxy=Proxy(), goog:chromeOptions={debuggerAddress=localhost:49560}, acceptInsecureCerts=false, browserVersion=83.0.4103.116, browserName=chrome, javascriptEnabled=true, platformName=WINDOWS, setWindowRect=true, webauthn:virtualAuthenticators=true}]
Session ID: 31f72e608dd15b531be706bc3948b1b8
*** Element info: {Using=xpath, value=//*[@id="rso"]/div[3]/div/div[1]/a/h3}
at java.base/jdk.internal.reflect.NativeConstructorAccessorImpl.newInstance0(Native Method)
at java.base/jdk.internal.reflect.NativeConstructorAccessorImpl.newInstance(NativeConstructorAccessorImpl.java:62)
at java.base/jdk.internal.reflect.DelegatingConstructorAccessorImpl.newInstance(DelegatingConstructorAccessorImpl.java:45)
at java.base/java.lang.reflect.Constructor.newInstance(Constructor.java:490)
at org.openqa.selenium.remote.http.W3CHttpResponseCodec.createException(W3CHttpResponseCodec.java:185)
at org.openqa.selenium.remote.http.W3CHttpResponseCodec.decode(W3CHttpResponseCodec.java:120)
at org.openqa.selenium.remote.http.W3CHttpResponseCodec.decode(W3CHttpResponseCodec.java:49)
at org.openqa.selenium.remote.HttpCommandExecutor.execute(HttpCommandExecutor.java:164)
at org.openqa.selenium.remote.service.DriverCommandExecutor.execute(DriverCommandExecutor.java:83)
at org.openqa.selenium.remote.RemoteWebDriver.execute(RemoteWebDriver.java:586)
at org.openqa.selenium.remote.RemoteWebDriver.findElement(RemoteWebDriver.java:356)
at org.openqa.selenium.remote.RemoteWebDriver.findElementByXPath(RemoteWebDriver.java:458)
at org.openqa.selenium.By$ByXPath.findElement(By.java:361)
at org.openqa.selenium.remote.RemoteWebDriver.findElement(RemoteWebDriver.java:348)
at pageObjects.GoogleSearchResults.Result(GoogleSearchResults.java:23)
at automationFrameworkTests.seleniumJava.GoogleTest.GoogleTestCase(GoogleTest.java:48)
at java.base/jdk.internal.reflect.NativeMethodAccessorImpl.invoke0(Native Method)
at java.base/jdk.internal.reflect.NativeMethodAccessorImpl.invoke(NativeMethodAccessorImpl.java:62)
at java.base/jdk.internal.reflect.DelegatingMethodAccessorImpl.invoke(DelegatingMethodAccessorImpl.java:43)
at java.base/java.lang.reflect.Method.invoke(Method.java:566)
at org.testng.internal.MethodInvocationHelper.invokeMethod(MethodInvocationHelper.java:134)
at org.testng.internal.TestInvoker.invokeMethod(TestInvoker.java:597)
at org.testng.internal.TestInvoker.invokeTestMethod(TestInvoker.java:173)
at org.testng.internal.MethodRunner.runInSequence(MethodRunner.java:46)
at org.testng.internal.TestInvoker$MethodInvocationAgent.invoke(TestInvoker.java:816)
at org.testng.internal.TestInvoker.invokeTestMethods(TestInvoker.java:146)
at org.testng.internal.TestMethodWorker.invokeTestMethods(TestMethodWorker.java:146)
at org.testng.internal.TestMethodWorker.run(TestMethodWorker.java:128)
at java.base/java.util.ArrayList.forEach(ArrayList.java:1540)
at org.testng.TestRunner.privateRun(TestRunner.java:766)
at org.testng.TestRunner.run(TestRunner.java:587)
at org.testng.SuiteRunner.runTest(SuiteRunner.java:384)
at org.testng.SuiteRunner.runSequentially(SuiteRunner.java:378)
at org.testng.SuiteRunner.privateRun(SuiteRunner.java:337)
at org.testng.SuiteRunner.run(SuiteRunner.java:286)
at org.testng.SuiteRunnerWorker.runSuite(SuiteRunnerWorker.java:53)
at org.testng.SuiteRunnerWorker.run(SuiteRunnerWorker.java:96)
at org.testng.TestNG.runSuitesSequentially(TestNG.java:1187)
at org.testng.TestNG.runSuitesLocally(TestNG.java:1109)
at org.testng.TestNG.runSuites(TestNG.java:1039)
at org.testng.TestNG.run(TestNG.java:1007)
at org.apache.maven.surefire.testng.TestNGExecutor.run(TestNGExecutor.java:77)
at org.apache.maven.surefire.testng.TestNGDirectoryTestSuite.executeMulti(TestNGDirectoryTestSuite.java:159)
at org.apache.maven.surefire.testng.TestNGDirectoryTestSuite.execute(TestNGDirectoryTestSuite.java:99)
at org.apache.maven.surefire.testng.TestNGProvider.invoke(TestNGProvider.java:106)
at java.base/jdk.internal.reflect.NativeMethodAccessorImpl.invoke0(Native Method)
at java.base/jdk.internal.reflect.NativeMethodAccessorImpl.invoke(NativeMethodAccessorImpl.java:62)
at java.base/jdk.internal.reflect.DelegatingMethodAccessorImpl.invoke(DelegatingMethodAccessorImpl.java:43)
at java.base/java.lang.reflect.Method.invoke(Method.java:566)
at org.apache.maven.surefire.util.ReflectionUtils.invokeMethodWithArray(ReflectionUtils.java:189)
at org.apache.maven.surefire.booter.ProviderFactory$ProviderProxy.invoke(ProviderFactory.java:165)
at org.apache.maven.surefire.booter.ProviderFactory.invokeProvider(ProviderFactory.java:85)
at org.apache.maven.surefire.booter.ForkedBooter.runSuitesInProcess(ForkedBooter.java:115)
at org.apache.maven.surefire.booter.ForkedBooter.main(ForkedBooter.java:75)
]]>
            </full-stacktrace>
          </exception> <!-- org.openqa.selenium.NoSuchElementException -->
          <reporter-output>
          </reporter-output>
        </test-method> <!-- GoogleTestCase -->
        <test-method is-config="true" signature="tearDown()[pri:0, instance:automationFrameworkTests.seleniumJava.GoogleTest@15ff3e9e]" started-at="2020-06-26T17:01:26 EET" name="tearDown" finished-at="2020-06-26T17:01:26 EET" duration-ms="188" status="PASS">
          <reporter-output>
          </reporter-output>
        </test-method> <!-- tearDown -->
      </class> <!-- automationFrameworkTests.seleniumJava.GoogleTest -->
      <class name="automationFrameworkTests.seleniumJava.HeroKuappTest">
        <test-method is-config="true" signature="init()[pri:0, instance:automationFrameworkTests.seleniumJava.HeroKuappTest@5fdcaa40]" started-at="2020-06-26T17:00:25 EET" name="init" finished-at="2020-06-26T17:00:32 EET" duration-ms="6782" status="PASS">
          <reporter-output>
          </reporter-output>
        </test-method> <!-- init -->
        <test-method signature="GoogleTestCase()[pri:0, instance:automationFrameworkTests.seleniumJava.HeroKuappTest@5fdcaa40]" started-at="2020-06-26T17:01:09 EET" name="GoogleTestCase" finished-at="2020-06-26T17:01:15 EET" duration-ms="6345" status="PASS">
          <reporter-output>
          </reporter-output>
        </test-method> <!-- GoogleTestCase -->
        <test-method is-config="true" signature="tearDown()[pri:0, instance:automationFrameworkTests.seleniumJava.HeroKuappTest@5fdcaa40]" started-at="2020-06-26T17:01:26 EET" name="tearDown" finished-at="2020-06-26T17:01:26 EET" duration-ms="0" status="PASS">
          <reporter-output>
          </reporter-output>
        </test-method> <!-- tearDown -->
      </class> <!-- automationFrameworkTests.seleniumJava.HeroKuappTest -->
      <class name="automationFrameworkTests.seleniumJava.UploadFunctionalityTest">
        <test-method is-config="true" signature="init()[pri:0, instance:automationFrameworkTests.seleniumJava.UploadFunctionalityTest@5e0826e7]" started-at="2020-06-26T17:00:32 EET" name="init" finished-at="2020-06-26T17:00:40 EET" duration-ms="7291" status="PASS">
          <reporter-output>
          </reporter-output>
        </test-method> <!-- init -->
        <test-method signature="UploadTest()[pri:0, instance:automationFrameworkTests.seleniumJava.UploadFunctionalityTest@5e0826e7]" started-at="2020-06-26T17:01:23 EET" name="UploadTest" finished-at="2020-06-26T17:01:25 EET" duration-ms="1914" status="PASS">
          <reporter-output>
          </reporter-output>
        </test-method> <!-- UploadTest -->
        <test-method is-config="true" signature="tearDown()[pri:0, instance:automationFrameworkTests.seleniumJava.UploadFunctionalityTest@5e0826e7]" started-at="2020-06-26T17:01:26 EET" name="tearDown" finished-at="2020-06-26T17:01:26 EET" duration-ms="270" status="PASS">
          <reporter-output>
          </reporter-output>
        </test-method> <!-- tearDown -->
      </class> <!-- automationFrameworkTests.seleniumJava.UploadFunctionalityTest -->
      <class name="automationFrameworkTests.seleniumJava.DDTTest">
        <test-method signature="dataTestCase()[pri:0, instance:automationFrameworkTests.seleniumJava.DDTTest@32eff876]" started-at="2020-06-26T17:00:46 EET" name="dataTestCase" finished-at="2020-06-26T17:00:49 EET" duration-ms="2672" status="PASS">
          <reporter-output>
          </reporter-output>
        </test-method> <!-- dataTestCase -->
      </class> <!-- automationFrameworkTests.seleniumJava.DDTTest -->
    </test> <!-- Command line test -->
  </suite> <!-- Command line suite -->
</testng-results>
